==152315== Memcheck, a memory error detector
==152315== Copyright (C) 2002-2017, and GNU GPL'd, by Julian Seward et al.
==152315== Using Valgrind-3.18.1 and LibVEX; rerun with -h for copyright info
==152315== Command: ./fdf ./maps/elem-col.fdf
==152315== Parent PID: 145138
==152315== 
==152315== Invalid read of size 8
==152315==    at 0x40286A8: strncmp (strcmp.S:172)
==152315==    by 0x400668D: is_dst (dl-load.c:216)
==152315==    by 0x400810E: _dl_dst_count (dl-load.c:253)
==152315==    by 0x400810E: expand_dynamic_string_token (dl-load.c:395)
==152315==    by 0x40082B7: fillin_rpath.isra.0 (dl-load.c:483)
==152315==    by 0x4008602: decompose_rpath (dl-load.c:654)
==152315==    by 0x400ABF5: cache_rpath (dl-load.c:696)
==152315==    by 0x400ABF5: cache_rpath (dl-load.c:677)
==152315==    by 0x400ABF5: _dl_map_object (dl-load.c:2165)
==152315==    by 0x4003494: openaux (dl-deps.c:64)
==152315==    by 0x4B33A97: _dl_catch_exception (dl-error-skeleton.c:208)
==152315==    by 0x4003C7B: _dl_map_object_deps (dl-deps.c:248)
==152315==    by 0x400EA0E: dl_open_worker_begin (dl-open.c:592)
==152315==    by 0x4B33A97: _dl_catch_exception (dl-error-skeleton.c:208)
==152315==    by 0x400DF99: dl_open_worker (dl-open.c:782)
==152315==  Address 0x4fbda89 is 9 bytes inside a block of size 15 alloc'd
==152315==    at 0x4848899: malloc (in /usr/libexec/valgrind/vgpreload_memcheck-amd64-linux.so)
==152315==    by 0x40271DF: malloc (rtld-malloc.h:56)
==152315==    by 0x40271DF: strdup (strdup.c:42)
==152315==    by 0x4008594: decompose_rpath (dl-load.c:629)
==152315==    by 0x400ABF5: cache_rpath (dl-load.c:696)
==152315==    by 0x400ABF5: cache_rpath (dl-load.c:677)
==152315==    by 0x400ABF5: _dl_map_object (dl-load.c:2165)
==152315==    by 0x4003494: openaux (dl-deps.c:64)
==152315==    by 0x4B33A97: _dl_catch_exception (dl-error-skeleton.c:208)
==152315==    by 0x4003C7B: _dl_map_object_deps (dl-deps.c:248)
==152315==    by 0x400EA0E: dl_open_worker_begin (dl-open.c:592)
==152315==    by 0x4B33A97: _dl_catch_exception (dl-error-skeleton.c:208)
==152315==    by 0x400DF99: dl_open_worker (dl-open.c:782)
==152315==    by 0x4B33A97: _dl_catch_exception (dl-error-skeleton.c:208)
==152315==    by 0x400E34D: _dl_open (dl-open.c:883)
==152315== 
{
   <insert_a_suppression_name_here>
   Memcheck:Addr8
   fun:strncmp
   fun:is_dst
   fun:_dl_dst_count
   fun:expand_dynamic_string_token
   fun:fillin_rpath.isra.0
   fun:decompose_rpath
   fun:cache_rpath
   fun:cache_rpath
   fun:_dl_map_object
   fun:openaux
   fun:_dl_catch_exception
   fun:_dl_map_object_deps
   fun:dl_open_worker_begin
   fun:_dl_catch_exception
   fun:dl_open_worker
}
==152315== Invalid read of size 8
==152315==    at 0x40286A8: strncmp (strcmp.S:172)
==152315==    by 0x400668D: is_dst (dl-load.c:216)
==152315==    by 0x4007F79: _dl_dst_substitute (dl-load.c:295)
==152315==    by 0x40082B7: fillin_rpath.isra.0 (dl-load.c:483)
==152315==    by 0x4008602: decompose_rpath (dl-load.c:654)
==152315==    by 0x400ABF5: cache_rpath (dl-load.c:696)
==152315==    by 0x400ABF5: cache_rpath (dl-load.c:677)
==152315==    by 0x400ABF5: _dl_map_object (dl-load.c:2165)
==152315==    by 0x4003494: openaux (dl-deps.c:64)
==152315==    by 0x4B33A97: _dl_catch_exception (dl-error-skeleton.c:208)
==152315==    by 0x4003C7B: _dl_map_object_deps (dl-deps.c:248)
==152315==    by 0x400EA0E: dl_open_worker_begin (dl-open.c:592)
==152315==    by 0x4B33A97: _dl_catch_exception (dl-error-skeleton.c:208)
==152315==    by 0x400DF99: dl_open_worker (dl-open.c:782)
==152315==  Address 0x4fbda89 is 9 bytes inside a block of size 15 alloc'd
==152315==    at 0x4848899: malloc (in /usr/libexec/valgrind/vgpreload_memcheck-amd64-linux.so)
==152315==    by 0x40271DF: malloc (rtld-malloc.h:56)
==152315==    by 0x40271DF: strdup (strdup.c:42)
==152315==    by 0x4008594: decompose_rpath (dl-load.c:629)
==152315==    by 0x400ABF5: cache_rpath (dl-load.c:696)
==152315==    by 0x400ABF5: cache_rpath (dl-load.c:677)
==152315==    by 0x400ABF5: _dl_map_object (dl-load.c:2165)
==152315==    by 0x4003494: openaux (dl-deps.c:64)
==152315==    by 0x4B33A97: _dl_catch_exception (dl-error-skeleton.c:208)
==152315==    by 0x4003C7B: _dl_map_object_deps (dl-deps.c:248)
==152315==    by 0x400EA0E: dl_open_worker_begin (dl-open.c:592)
==152315==    by 0x4B33A97: _dl_catch_exception (dl-error-skeleton.c:208)
==152315==    by 0x400DF99: dl_open_worker (dl-open.c:782)
==152315==    by 0x4B33A97: _dl_catch_exception (dl-error-skeleton.c:208)
==152315==    by 0x400E34D: _dl_open (dl-open.c:883)
==152315== 
{
   <insert_a_suppression_name_here>
   Memcheck:Addr8
   fun:strncmp
   fun:is_dst
   fun:_dl_dst_substitute
   fun:fillin_rpath.isra.0
   fun:decompose_rpath
   fun:cache_rpath
   fun:cache_rpath
   fun:_dl_map_object
   fun:openaux
   fun:_dl_catch_exception
   fun:_dl_map_object_deps
   fun:dl_open_worker_begin
   fun:_dl_catch_exception
   fun:dl_open_worker
}
==152315== 
==152315== HEAP SUMMARY:
==152315==     in use at exit: 317,955 bytes in 3,107 blocks
==152315==   total heap usage: 82,903 allocs, 79,796 frees, 59,995,521 bytes allocated
==152315== 
==152315== 0 bytes in 1 blocks are definitely lost in loss record 1 of 2,271
==152315==    at 0x4848899: malloc (in /usr/libexec/valgrind/vgpreload_memcheck-amd64-linux.so)
==152315==    by 0x4005A22: malloc (rtld-malloc.h:56)
==152315==    by 0x4005A22: _dl_find_object_update (dl-find_object.c:791)
==152315==    by 0x400ECCF: dl_open_worker_begin (dl-open.c:735)
==152315==    by 0x4B33A97: _dl_catch_exception (dl-error-skeleton.c:208)
==152315==    by 0x400DF99: dl_open_worker (dl-open.c:782)
==152315==    by 0x4B33A97: _dl_catch_exception (dl-error-skeleton.c:208)
==152315==    by 0x400E34D: _dl_open (dl-open.c:883)
==152315==    by 0x4A4F63B: dlopen_doit (dlopen.c:56)
==152315==    by 0x4B33A97: _dl_catch_exception (dl-error-skeleton.c:208)
==152315==    by 0x4B33B62: _dl_catch_error (dl-error-skeleton.c:227)
==152315==    by 0x4A4F12D: _dlerror_run (dlerror.c:138)
==152315==    by 0x4A4F6C7: dlopen_implementation (dlopen.c:71)
==152315==    by 0x4A4F6C7: dlopen@@GLIBC_2.34 (dlopen.c:81)
==152315== 
{
   <insert_a_suppression_name_here>
   Memcheck:Leak
   match-leak-kinds: definite
   fun:malloc
   fun:malloc
   fun:_dl_find_object_update
   fun:dl_open_worker_begin
   fun:_dl_catch_exception
   fun:dl_open_worker
   fun:_dl_catch_exception
   fun:_dl_open
   fun:dlopen_doit
   fun:_dl_catch_exception
   fun:_dl_catch_error
   fun:_dlerror_run
   fun:dlopen_implementation
   fun:dlopen@@GLIBC_2.34
}
==152315== LEAK SUMMARY:
==152315==    definitely lost: 0 bytes in 1 blocks
==152315==    indirectly lost: 0 bytes in 0 blocks
==152315==      possibly lost: 0 bytes in 0 blocks
==152315==    still reachable: 317,955 bytes in 3,106 blocks
==152315==         suppressed: 0 bytes in 0 blocks
==152315== Reachable blocks (those to which a pointer was found) are not shown.
==152315== To see them, rerun with: --leak-check=full --show-leak-kinds=all
==152315== 
==152315== For lists of detected and suppressed errors, rerun with: -s
==152315== ERROR SUMMARY: 3 errors from 3 contexts (suppressed: 0 from 0)
